Warning: Equate pins:  cell sky130_fd_pr__pfet_g5v0d10v5 has no definition, treated as a black box.
Warning: Equate pins:  cell sky130_fd_pr__pfet_g5v0d10v5 has no definition, treated as a black box.

Subcircuit pins:
Circuit 1: sky130_fd_pr__pfet_g5v0d10v5    |Circuit 2: sky130_fd_pr__pfet_g5v0d10v5    
-------------------------------------------|-------------------------------------------
1                                          |1                                          
2                                          |2                                          
3                                          |3                                          
4                                          |4                                          
---------------------------------------------------------------------------------------
Cell pin lists are equivalent.
Device classes sky130_fd_pr__pfet_g5v0d10v5 and sky130_fd_pr__pfet_g5v0d10v5 are equivalent.
Warning: Equate pins:  cell sky130_fd_pr__nfet_g5v0d10v5 has no definition, treated as a black box.
Warning: Equate pins:  cell sky130_fd_pr__nfet_g5v0d10v5 has no definition, treated as a black box.

Subcircuit pins:
Circuit 1: sky130_fd_pr__nfet_g5v0d10v5    |Circuit 2: sky130_fd_pr__nfet_g5v0d10v5    
-------------------------------------------|-------------------------------------------
1                                          |1                                          
2                                          |2                                          
3                                          |3                                          
4                                          |4                                          
---------------------------------------------------------------------------------------
Cell pin lists are equivalent.
Device classes sky130_fd_pr__nfet_g5v0d10v5 and sky130_fd_pr__nfet_g5v0d10v5 are equivalent.

Cell comparator_w_obuff_4LVS disconnected node: IB
Class comparator_extracted:  Merged 42 devices.

Cell comparator_w_obuff_4LVS disconnected node: IB

Subcircuit summary:
Circuit 1: comparator_extracted            |Circuit 2: comparator_w_obuff_4LVS         
-------------------------------------------|-------------------------------------------
sky130_fd_pr__pfet_g5v0d10v5 (10)          |sky130_fd_pr__pfet_g5v0d10v5 (10)          
sky130_fd_pr__nfet_g5v0d10v5 (12)          |sky130_fd_pr__nfet_g5v0d10v5 (12)          
Number of devices: 22                      |Number of devices: 22                      
Number of nets: 11                         |Number of nets: 11                         
---------------------------------------------------------------------------------------
Circuits match uniquely.
Netlists match uniquely.

Subcircuit pins:
Circuit 1: comparator_extracted            |Circuit 2: comparator_w_obuff_4LVS         
-------------------------------------------|-------------------------------------------
vout                                       |Vout                                       
vss                                        |VSS                                        
vinp                                       |Vinp                                       
vinm                                       |Vinm                                       
ibias                                      |(no matching pin)                          
vdd                                        |VDD                                        
(no matching pin)                          |IB                                         
---------------------------------------------------------------------------------------
Cell pin lists for comparator_extracted and comparator_w_obuff_4LVS altered to match.
The top level cell failed pin matching.
