2023-03-07 13:40:53 align.main INFO : Reading netlist: /foss/designs/ALIGN-Tests/Inverter4/inverter.sp subckt=INVERTER, flat=0
2023-03-07 13:40:53 align.compiler.compiler INFO : Starting topology identification...
2023-03-07 13:40:54 align.compiler.compiler INFO : Power and ground nets not found. Power grid will not be constructed.
2023-03-07 13:40:54 align.compiler.compiler INFO : Completed topology identification.
2023-03-07 13:40:54 align.pnr.main INFO : Running Place & Route for INVERTER
2023-03-07 13:40:54 align.pnr.build_pnr_model INFO : Reading contraint json file INVERTER.pnr.const.json
2023-03-07 13:40:54 align.pnr.build_pnr_model INFO : Reading contraint json file INV_28319830.pnr.const.json
2023-03-07 13:40:54 align.pnr.build_pnr_model INFO : Reading contraint json file INVERTER.pnr.const.json
2023-03-07 13:40:54 align.pnr.build_pnr_model INFO : Reading contraint json file INV_28319830.pnr.const.json
2023-03-07 13:40:54 align.pnr.placer INFO : Starting bottom-up placement on INV_28319830 1
2023-03-07 13:40:54 PnR.placer.SeqPair.SeqPair INFO : Enumerated search
2023-03-07 13:40:54 PnR.placer.Placer.PlacementCoreAspectRatio_ILP INFO : Exhausted all permutations of seq pairs and found 1 placement solution(s)
2023-03-07 13:40:55 align.pnr.placer INFO : Starting bottom-up placement on INVERTER 0
2023-03-07 13:40:55 PnR.placer.SeqPair.SeqPair INFO : Enumerated search
2023-03-07 13:40:55 PnR.placer.Placer.PlacementCoreAspectRatio_ILP INFO : Exhausted all permutations of seq pairs and found 1 placement solution(s)
2023-03-07 13:40:55 align.pnr.build_pnr_model INFO : Reading contraint json file INVERTER.pnr.const.json
2023-03-07 13:40:55 align.pnr.build_pnr_model INFO : Reading contraint json file INV_28319830.pnr.const.json
2023-03-07 13:40:55 PnR.placer.SeqPair.SeqPair INFO : Enumerated search
2023-03-07 13:40:55 PnR.placer.SeqPair.SeqPair INFO : Enumerated search
2023-03-07 13:40:56 align.pnr.router INFO : Starting top_down routing on INVERTER 0 restricted to None
2023-03-07 13:40:56 PnR.router.Router.RouteWork INFO : GcellGlobalRouter: INV_28319830
2023-03-07 13:40:56 PnR.router.Router.RouteWork INFO : GcellDetailRouter: INV_28319830
2023-03-07 13:40:56 PnR.router.Router.RouteWork INFO : GcellGlobalRouter: INVERTER
2023-03-07 13:40:56 PnR.router.Router.RouteWork INFO : GcellDetailRouter: INVERTER
2023-03-07 13:40:56 PnR.router.Router.RouteWork INFO : Create power grid: INVERTER
2023-03-07 13:40:56 PnR.router.Router.RouteWork INFO : Power routing INVERTER
2023-03-07 13:40:56 align.pnr.main INFO : OUTPUT json at /foss/designs/ALIGN-Tests/Inverter4/work_align/3_pnr/INV_28319830_0_0.json
2023-03-07 13:40:56 align.pnr.main INFO : OUTPUT gds.json /foss/designs/ALIGN-Tests/Inverter4/work_align/3_pnr/INV_28319830_0_0.python.gds.json
2023-03-07 13:40:56 align.pnr.main INFO : OUTPUT json at /foss/designs/ALIGN-Tests/Inverter4/work_align/3_pnr/INVERTER_0.json
2023-03-07 13:40:56 align.pnr.main INFO : OUTPUT gds.json /foss/designs/ALIGN-Tests/Inverter4/work_align/3_pnr/INVERTER_0.python.gds.json
